
33. Printing statistics.

=== croc_chip ===

        +----------Local Count, excluding submodules.
        | 
    15487 wires
    76339 wire bits
     1431 public wires
    18256 public wire bits
       52 ports
       52 port bits
    50066 cells
    11446   $_AND_
    19526   $_MUX_
     3491   $_NOT_
     8667   $_OR_
     2382   $_XOR_
      207   $scopeinfo
      150   DFFQX1
     4126   DFFRQX3
        1   INVX2
        4   MUX2X2
        2   RM_IHPSG13_1P_256x64_c2_bm_bist
        4   sg13g2_IOPadIOVdd
        4   sg13g2_IOPadIOVss
        9   sg13g2_IOPadIn
       32   sg13g2_IOPadInOut30mA
        7   sg13g2_IOPadOut16mA
        4   sg13g2_IOPadVdd
        4   sg13g2_IOPadVss

